Log file open, 05/21/18 15:01:44
LogWindows: Failed to load 'aqProf.dll' (GetLastError=126)
LogWindows: File 'aqProf.dll' does not exist
LogWindows: Failed to load 'VtuneApi.dll' (GetLastError=126)
LogWindows: File 'VtuneApi.dll' does not exist
LogWindows: Failed to load 'VtuneApi32e.dll' (GetLastError=126)
LogWindows: File 'VtuneApi32e.dll' does not exist
LogInit: Display: Running engine for game: Section_01
LogPlatformFile: Not using cached read wrapper
LogInit: Display: RandInit(263955941) SRandInit(263955941).
LogInit: Read version file with build ID '3944462'
LogInit: Overriding engine version to CL 4033788, compatible CL 3944462
LogInit: Registered custom module enumerator with build ID '3944462'
LogTaskGraph: Started task graph with 5 named threads and 23 total threads with 3 sets of task threads.
LogStats: Stats thread started at 0.255124
LogD3D11RHI: Aftermath initialized
LogICUInternationalization: Display: ICU TimeZone Detection - Raw Offset: -5:00, Platform Override: ''
LogPluginManager: Mounting plugin Paper2D
LogPluginManager: Mounting plugin LiveLink
LogPluginManager: Mounting plugin LightPropagationVolume
LogPluginManager: Mounting plugin CLionSourceCodeAccess
LogPluginManager: Mounting plugin CodeLiteSourceCodeAccess
LogPluginManager: Mounting plugin GitSourceControl
LogPluginManager: Mounting plugin KDevelopSourceCodeAccess
LogPluginManager: Mounting plugin NullSourceCodeAccess
LogPluginManager: Mounting plugin PerforceSourceControl
LogPluginManager: Mounting plugin SubversionSourceControl
LogPluginManager: Mounting plugin UObjectPlugin
LogPluginManager: Mounting plugin VisualStudioCodeSourceCodeAccess
LogPluginManager: Mounting plugin VisualStudioSourceCodeAccess
LogPluginManager: Mounting plugin XCodeSourceCodeAccess
LogPluginManager: Mounting plugin AssetManagerEditor
LogPluginManager: Mounting plugin CryptoKeys
LogPluginManager: Mounting plugin DataValidation
LogPluginManager: Mounting plugin FacialAnimation
LogPluginManager: Mounting plugin GameplayTagsEditor
LogPluginManager: Mounting plugin MobileLauncherProfileWizard
LogPluginManager: Mounting plugin PluginBrowser
LogPluginManager: Mounting plugin SpeedTreeImporter
LogPluginManager: Mounting plugin DatasmithContent
LogPluginManager: Mounting plugin AlembicImporter
LogPluginManager: Mounting plugin CharacterAI
LogPluginManager: Mounting plugin HTML5Networking
LogPluginManager: Mounting plugin AndroidMedia
LogPluginManager: Mounting plugin AvfMedia
LogPluginManager: Mounting plugin ImgMedia
LogPluginManager: Mounting plugin LinearTimecode
LogPluginManager: Mounting plugin MediaCompositing
LogPluginManager: Mounting plugin MediaPlayerEditor
LogPluginManager: Mounting plugin WmfMedia
LogPluginManager: Mounting plugin TcpMessaging
LogPluginManager: Mounting plugin UdpMessaging
LogPluginManager: Mounting plugin ActorSequence
LogPluginManager: Mounting plugin LevelSequenceEditor
LogPluginManager: Mounting plugin MatineeToLevelSequence
LogPluginManager: Mounting plugin NetcodeUnitTest
LogPluginManager: Mounting plugin NUTUnrealEngine4
LogPluginManager: Mounting plugin OnlineSubsystemGooglePlay
LogPluginManager: Mounting plugin OnlineSubsystemIOS
LogPluginManager: Mounting plugin OnlineSubsystem
LogPluginManager: Mounting plugin OnlineSubsystemNull
LogPluginManager: Mounting plugin OnlineSubsystemUtils
LogPluginManager: Mounting plugin AndroidDeviceProfileSelector
LogPluginManager: Mounting plugin AndroidMoviePlayer
LogPluginManager: Mounting plugin AndroidPermission
LogPluginManager: Mounting plugin AppleARKit
LogPluginManager: Mounting plugin AppleMoviePlayer
LogPluginManager: Mounting plugin ArchVisCharacter
LogPluginManager: Mounting plugin AudioCapture
LogPluginManager: Mounting plugin CableComponent
LogPluginManager: Mounting plugin CustomMeshComponent
LogPluginManager: Mounting plugin ExampleDeviceProfileSelector
LogPluginManager: Mounting plugin GoogleCloudMessaging
LogPluginManager: Mounting plugin ImmediatePhysics
LogPluginManager: Mounting plugin IOSDeviceProfileSelector
LogPluginManager: Mounting plugin LinuxDeviceProfileSelector
LogPluginManager: Mounting plugin LocationServicesBPLibrary
LogPluginManager: Mounting plugin MobilePatchingUtils
LogPluginManager: Mounting plugin OculusVR
LogPluginManager: Plugin shader directory ../../../Engine/Plugins/Runtime/Oculus/OculusVR/Shaders found
LogPluginManager: Mapping shader source directory ../../../Engine/Plugins/Runtime/Oculus/OculusVR/Shaders to virtual directory /Plugin/OculusVR
LogPluginManager: Mounting plugin PhysXVehicles
LogPluginManager: Mounting plugin ProceduralMeshComponent
LogPluginManager: Mounting plugin RuntimePhysXCooking
LogPluginManager: Mounting plugin SteamVR
LogPluginManager: Mounting plugin WindowsMoviePlayer
LogStreaming: Display: Took  0.082s to configure plugins.
LogModuleManager: Display: Found up-to-date module file C:/Users/Tyler/dev/Unreal Projects/Section_01/Binaries/Win64/UE4Editor-Section_01.dll (API version 3944462).
LogModuleManager: Display: Found up-to-date module file ../../../Engine/Plugins/2D/Paper2D/Binaries/Win64/UE4Editor-Paper2D.dll (API version 3944462).
LogModuleManager: Display: Found up-to-date module file ../../../Engine/Plugins/2D/Paper2D/Binaries/Win64/UE4Editor-Paper2DEditor.dll (API version 3944462).
LogModuleManager: Display: Found up-to-date module file ../../../Engine/Plugins/2D/Paper2D/Binaries/Win64/UE4Editor-PaperSpriteSheetImporter.dll (API version 3944462).
LogModuleManager: Display: Found up-to-date module file ../../../Engine/Plugins/2D/Paper2D/Binaries/Win64/UE4Editor-PaperTiledImporter.dll (API version 3944462).
LogModuleManager: Display: Found up-to-date module file ../../../Engine/Plugins/2D/Paper2D/Binaries/Win64/UE4Editor-SmartSnapping.dll (API version 3944462).
LogModuleManager: Display: Found up-to-date module file ../../../Engine/Plugins/Animation/LiveLink/Binaries/Win64/UE4Editor-LiveLink.dll (API version 3944462).
LogModuleManager: Display: Found up-to-date module file ../../../Engine/Plugins/Animation/LiveLink/Binaries/Win64/UE4Editor-LiveLinkEditor.dll (API version 3944462).
LogModuleManager: Display: Found up-to-date module file ../../../Engine/Plugins/Blendables/LightPropagationVolume/Binaries/Win64/UE4Editor-LightPropagationVolumeRuntime.dll (API version 3944462).
LogModuleManager: Display: Found up-to-date module file ../../../Engine/Plugins/Blendables/LightPropagationVolume/Binaries/Win64/UE4Editor-LightPropagationVolumeEditor.dll (API version 3944462).
LogModuleManager: Display: Found up-to-date module file ../../../Engine/Plugins/Developer/CLionSourceCodeAccess/Binaries/Win64/UE4Editor-CLionSourceCodeAccess.dll (API version 3944462).
LogModuleManager: Display: Found up-to-date module file ../../../Engine/Plugins/Developer/GitSourceControl/Binaries/Win64/UE4Editor-GitSourceControl.dll (API version 3944462).
LogModuleManager: Display: Found up-to-date module file ../../../Engine/Plugins/Developer/PerforceSourceControl/Binaries/Win64/UE4Editor-PerforceSourceControl.dll (API version 3944462).
LogModuleManager: Display: Found up-to-date module file ../../../Engine/Plugins/Developer/SubversionSourceControl/Binaries/Win64/UE4Editor-SubversionSourceControl.dll (API version 3944462).
LogModuleManager: Display: Found up-to-date module file ../../../Engine/Plugins/Developer/UObjectPlugin/Binaries/Win64/UE4Editor-UObjectPlugin.dll (API version 3944462).
LogModuleManager: Display: Found up-to-date module file ../../../Engine/Plugins/Developer/VisualStudioCodeSourceCodeAccess/Binaries/Win64/UE4Editor-VisualStudioCodeSourceCodeAccess.dll (API version 3944462).
LogModuleManager: Display: Found up-to-date module file ../../../Engine/Plugins/Developer/VisualStudioSourceCodeAccess/Binaries/Win64/UE4Editor-VisualStudioSourceCodeAccess.dll (API version 3944462).
LogModuleManager: Display: Found up-to-date module file ../../../Engine/Plugins/Editor/AssetManagerEditor/Binaries/Win64/UE4Editor-AssetManagerEditor.dll (API version 3944462).
LogModuleManager: Display: Found up-to-date module file ../../../Engine/Plugins/Editor/CryptoKeys/Binaries/Win64/UE4Editor-CryptoKeys.dll (API version 3944462).
LogModuleManager: Display: Found up-to-date module file ../../../Engine/Plugins/Editor/CryptoKeys/Binaries/Win64/UE4Editor-CryptoKeysOpenSSL.dll (API version 3944462).
LogModuleManager: Display: Found up-to-date module file ../../../Engine/Plugins/Editor/DataValidation/Binaries/Win64/UE4Editor-DataValidation.dll (API version 3944462).
LogModuleManager: Display: Found up-to-date module file ../../../Engine/Plugins/Editor/FacialAnimation/Binaries/Win64/UE4Editor-FacialAnimation.dll (API version 3944462).
LogModuleManager: Display: Found up-to-date module file ../../../Engine/Plugins/Editor/FacialAnimation/Binaries/Win64/UE4Editor-FacialAnimationEditor.dll (API version 3944462).
LogModuleManager: Display: Found up-to-date module file ../../../Engine/Plugins/Editor/GameplayTagsEditor/Binaries/Win64/UE4Editor-GameplayTagsEditor.dll (API version 3944462).
LogModuleManager: Display: Found up-to-date module file ../../../Engine/Plugins/Editor/MobileLauncherProfileWizard/Binaries/Win64/UE4Editor-MobileLauncherProfileWizard.dll (API version 3944462).
LogModuleManager: Display: Found up-to-date module file ../../../Engine/Plugins/Editor/PluginBrowser/Binaries/Win64/UE4Editor-PluginBrowser.dll (API version 3944462).
LogModuleManager: Display: Found up-to-date module file ../../../Engine/Plugins/Editor/SpeedTreeImporter/Binaries/Win64/UE4Editor-SpeedTreeImporter.dll (API version 3944462).
LogModuleManager: Display: Found up-to-date module file ../../../Engine/Plugins/Enterprise/DatasmithContent/Binaries/Win64/UE4Editor-DatasmithContent.dll (API version 3944462).
LogModuleManager: Display: Found up-to-date module file ../../../Engine/Plugins/Experimental/AlembicImporter/Binaries/Win64/UE4Editor-AlembicImporter.dll (API version 3944462).
LogModuleManager: Display: Found up-to-date module file ../../../Engine/Plugins/Experimental/AlembicImporter/Binaries/Win64/UE4Editor-AlembicLibrary.dll (API version 3944462).
LogModuleManager: Display: Found up-to-date module file ../../../Engine/Plugins/Experimental/CharacterAI/Binaries/Win64/UE4Editor-CharacterAI.dll (API version 3944462).
LogModuleManager: Display: Found up-to-date module file ../../../Engine/Plugins/Experimental/HTML5Networking/Binaries/Win64/UE4Editor-HTML5Networking.dll (API version 3944462).
LogModuleManager: Display: Found up-to-date module file ../../../Engine/Plugins/Media/AndroidMedia/Binaries/Win64/UE4Editor-AndroidMediaEditor.dll (API version 3944462).
LogModuleManager: Display: Found up-to-date module file ../../../Engine/Plugins/Media/AndroidMedia/Binaries/Win64/UE4Editor-AndroidMediaFactory.dll (API version 3944462).
LogModuleManager: Display: Found up-to-date module file ../../../Engine/Plugins/Media/AvfMedia/Binaries/Win64/UE4Editor-AvfMediaEditor.dll (API version 3944462).
LogModuleManager: Display: Found up-to-date module file ../../../Engine/Plugins/Media/AvfMedia/Binaries/Win64/UE4Editor-AvfMediaFactory.dll (API version 3944462).
LogModuleManager: Display: Found up-to-date module file ../../../Engine/Plugins/Media/AvfMedia/Binaries/Win64/UE4Editor-AvfMediaFactory.dll (API version 3944462).
LogModuleManager: Display: Found up-to-date module file ../../../Engine/Plugins/Media/ImgMedia/Binaries/Win64/UE4Editor-ImgMedia.dll (API version 3944462).
LogModuleManager: Display: Found up-to-date module file ../../../Engine/Plugins/Media/ImgMedia/Binaries/Win64/UE4Editor-ImgMediaEditor.dll (API version 3944462).
LogModuleManager: Display: Found up-to-date module file ../../../Engine/Plugins/Media/ImgMedia/Binaries/Win64/UE4Editor-ImgMediaFactory.dll (API version 3944462).
LogModuleManager: Display: Found up-to-date module file ../../../Engine/Plugins/Media/ImgMedia/Binaries/Win64/UE4Editor-ImgMediaFactory.dll (API version 3944462).
LogModuleManager: Display: Found up-to-date module file ../../../Engine/Plugins/Media/ImgMedia/Binaries/Win64/UE4Editor-OpenExrWrapper.dll (API version 3944462).
LogModuleManager: Display: Found up-to-date module file ../../../Engine/Plugins/Media/LinearTimecode/Binaries/Win64/UE4Editor-LinearTimecode.dll (API version 3944462).
LogModuleManager: Display: Found up-to-date module file ../../../Engine/Plugins/Media/MediaCompositing/Binaries/Win64/UE4Editor-MediaCompositing.dll (API version 3944462).
LogModuleManager: Display: Found up-to-date module file ../../../Engine/Plugins/Media/MediaCompositing/Binaries/Win64/UE4Editor-MediaCompositingEditor.dll (API version 3944462).
LogModuleManager: Display: Found up-to-date module file ../../../Engine/Plugins/Media/MediaPlayerEditor/Binaries/Win64/UE4Editor-MediaPlayerEditor.dll (API version 3944462).
LogModuleManager: Display: Found up-to-date module file ../../../Engine/Plugins/Media/WmfMedia/Binaries/Win64/UE4Editor-WmfMedia.dll (API version 3944462).
LogModuleManager: Display: Found up-to-date module file ../../../Engine/Plugins/Media/WmfMedia/Binaries/Win64/UE4Editor-WmfMediaEditor.dll (API version 3944462).
LogModuleManager: Display: Found up-to-date module file ../../../Engine/Plugins/Media/WmfMedia/Binaries/Win64/UE4Editor-WmfMediaFactory.dll (API version 3944462).
LogModuleManager: Display: Found up-to-date module file ../../../Engine/Plugins/Media/WmfMedia/Binaries/Win64/UE4Editor-WmfMediaFactory.dll (API version 3944462).
LogModuleManager: Display: Found up-to-date module file ../../../Engine/Plugins/Messaging/TcpMessaging/Binaries/Win64/UE4Editor-TcpMessaging.dll (API version 3944462).
LogModuleManager: Display: Found up-to-date module file ../../../Engine/Plugins/Messaging/UdpMessaging/Binaries/Win64/UE4Editor-UdpMessaging.dll (API version 3944462).
LogModuleManager: Display: Found up-to-date module file ../../../Engine/Plugins/MovieScene/ActorSequence/Binaries/Win64/UE4Editor-ActorSequence.dll (API version 3944462).
LogModuleManager: Display: Found up-to-date module file ../../../Engine/Plugins/MovieScene/LevelSequenceEditor/Binaries/Win64/UE4Editor-LevelSequenceEditor.dll (API version 3944462).
LogModuleManager: Display: Found up-to-date module file ../../../Engine/Plugins/MovieScene/MatineeToLevelSequence/Binaries/Win64/UE4Editor-MatineeToLevelSequence.dll (API version 3944462).
LogModuleManager: Display: Found up-to-date module file ../../../Engine/Plugins/NetcodeUnitTest/NetcodeUnitTest/Binaries/Win64/UE4Editor-NetcodeUnitTest.dll (API version 3944462).
LogModuleManager: Display: Found up-to-date module file ../../../Engine/Plugins/NetcodeUnitTest/NUTUnrealEngine4/Binaries/Win64/UE4Editor-NUTUnrealEngine4.dll (API version 3944462).
LogModuleManager: Display: Found up-to-date module file ../../../Engine/Plugins/Online/OnlineSubsystem/Binaries/Win64/UE4Editor-OnlineSubsystem.dll (API version 3944462).
LogModuleManager: Display: Found up-to-date module file ../../../Engine/Plugins/Online/OnlineSubsystemNull/Binaries/Win64/UE4Editor-OnlineSubsystemNull.dll (API version 3944462).
LogModuleManager: Display: Found up-to-date module file ../../../Engine/Plugins/Online/OnlineSubsystemUtils/Binaries/Win64/UE4Editor-OnlineSubsystemUtils.dll (API version 3944462).
LogModuleManager: Display: Found up-to-date module file ../../../Engine/Plugins/Online/OnlineSubsystemUtils/Binaries/Win64/UE4Editor-OnlineBlueprintSupport.dll (API version 3944462).
LogModuleManager: Display: Found up-to-date module file ../../../Engine/Plugins/Runtime/AndroidDeviceProfileSelector/Binaries/Win64/UE4Editor-AndroidDeviceProfileSelector.dll (API version 3944462).
LogModuleManager: Display: Found up-to-date module file ../../../Engine/Plugins/Runtime/AndroidPermission/Binaries/Win64/UE4Editor-AndroidPermission.dll (API version 3944462).
LogModuleManager: Display: Found up-to-date module file ../../../Engine/Plugins/Runtime/AppleARKit/Binaries/Win64/UE4Editor-AppleARKit.dll (API version 3944462).
LogModuleManager: Display: Found up-to-date module file ../../../Engine/Plugins/Runtime/ArchVisCharacter/Binaries/Win64/UE4Editor-ArchVisCharacter.dll (API version 3944462).
LogModuleManager: Display: Found up-to-date module file ../../../Engine/Plugins/Runtime/AudioCapture/Binaries/Win64/UE4Editor-AudioCapture.dll (API version 3944462).
LogModuleManager: Display: Found up-to-date module file ../../../Engine/Plugins/Runtime/AudioCapture/Binaries/Win64/UE4Editor-AudioCaptureEditor.dll (API version 3944462).
LogModuleManager: Display: Found up-to-date module file ../../../Engine/Plugins/Runtime/CableComponent/Binaries/Win64/UE4Editor-CableComponent.dll (API version 3944462).
LogModuleManager: Display: Found up-to-date module file ../../../Engine/Plugins/Runtime/CustomMeshComponent/Binaries/Win64/UE4Editor-CustomMeshComponent.dll (API version 3944462).
LogModuleManager: Display: Found up-to-date module file ../../../Engine/Plugins/Runtime/ExampleDeviceProfileSelector/Binaries/Win64/UE4Editor-ExampleDeviceProfileSelector.dll (API version 3944462).
LogModuleManager: Display: Found up-to-date module file ../../../Engine/Plugins/Runtime/ImmediatePhysics/Binaries/Win64/UE4Editor-ImmediatePhysics.dll (API version 3944462).
LogModuleManager: Display: Found up-to-date module file ../../../Engine/Plugins/Runtime/ImmediatePhysics/Binaries/Win64/UE4Editor-ImmediatePhysicsEditor.dll (API version 3944462).
LogModuleManager: Display: Found up-to-date module file ../../../Engine/Plugins/Runtime/LocationServicesBPLibrary/Binaries/Win64/UE4Editor-LocationServicesBPLibrary.dll (API version 3944462).
LogModuleManager: Display: Found up-to-date module file ../../../Engine/Plugins/Runtime/MobilePatchingUtils/Binaries/Win64/UE4Editor-MobilePatchingUtils.dll (API version 3944462).
LogModuleManager: Display: Found up-to-date module file ../../../Engine/Plugins/Runtime/Oculus/OculusVR/Binaries/Win64/UE4Editor-OculusHMD.dll (API version 3944462).
LogModuleManager: Display: Found up-to-date module file ../../../Engine/Plugins/Runtime/Oculus/OculusVR/Binaries/Win64/UE4Editor-OculusInput.dll (API version 3944462).
LogModuleManager: Display: Found up-to-date module file ../../../Engine/Plugins/Runtime/Oculus/OculusVR/Binaries/Win64/UE4Editor-OculusEditor.dll (API version 3944462).
LogModuleManager: Display: Found up-to-date module file ../../../Engine/Plugins/Runtime/PhysXVehicles/Binaries/Win64/UE4Editor-PhysXVehicles.dll (API version 3944462).
LogModuleManager: Display: Found up-to-date module file ../../../Engine/Plugins/Runtime/PhysXVehicles/Binaries/Win64/UE4Editor-PhysXVehiclesEditor.dll (API version 3944462).
LogModuleManager: Display: Found up-to-date module file ../../../Engine/Plugins/Runtime/ProceduralMeshComponent/Binaries/Win64/UE4Editor-ProceduralMeshComponent.dll (API version 3944462).
LogModuleManager: Display: Found up-to-date module file ../../../Engine/Plugins/Runtime/ProceduralMeshComponent/Binaries/Win64/UE4Editor-ProceduralMeshComponentEditor.dll (API version 3944462).
LogModuleManager: Display: Found up-to-date module file ../../../Engine/Plugins/Runtime/RuntimePhysXCooking/Binaries/Win64/UE4Editor-RuntimePhysXCooking.dll (API version 3944462).
LogModuleManager: Display: Found up-to-date module file ../../../Engine/Plugins/Runtime/Steam/SteamVR/Binaries/Win64/UE4Editor-SteamVR.dll (API version 3944462).
LogModuleManager: Display: Found up-to-date module file ../../../Engine/Plugins/Runtime/Steam/SteamVR/Binaries/Win64/UE4Editor-SteamVRController.dll (API version 3944462).
LogModuleManager: Display: Found up-to-date module file ../../../Engine/Plugins/Runtime/WindowsMoviePlayer/Binaries/Win64/UE4Editor-WindowsMoviePlayer.dll (API version 3944462).
LogInit: Using libcurl 7.47.1
LogInit:  - built for x86_64-pc-win32
LogInit:  - supports SSL with OpenSSL/1.0.2g
LogInit:  - supports HTTP deflate (compression) using libz 1.2.8
LogInit:  - other features:
LogInit:      CURL_VERSION_SSL
LogInit:      CURL_VERSION_LIBZ
LogInit:      CURL_VERSION_IPV6
LogInit:      CURL_VERSION_ASYNCHDNS
LogInit:      CURL_VERSION_LARGEFILE
LogInit:      CURL_VERSION_IDN
LogInit:  CurlRequestOptions (configurable via config and command line):
LogInit:  - bVerifyPeer = false  - Libcurl will NOT verify peer certificate
LogInit:  - bUseHttpProxy = false  - Libcurl will NOT use HTTP proxy
LogInit:  - bDontReuseConnections = false  - Libcurl will reuse connections
LogInit:  - CertBundlePath = nullptr  - Libcurl will use whatever was configured at build time.
LogInit:  - MaxHostConnections = 16  - Libcurl will limit the number of connections to a host
LogInit:  - LocalHostAddr = Default
LogInit: WinSock: version 1.1 (2.2), MaxSocks=32767, MaxUdp=65467
LogInit: WinSock: I am frontier (192.168.56.1:0)
LogInit: Build: ++UE4+Release-4.19-CL-4033788
LogInit: Engine Version: 4.19.2-4033788+++UE4+Release-4.19
LogInit: Compatible Engine Version: 4.19.0-3944462+++UE4+Release-4.19
LogInit: Net CL: 3944462
LogDevObjectVersion: Number of dev versions registered: 18
LogDevObjectVersion:   Dev-Blueprints (B0D832E4-1F89-4F0D-ACCF-7EB736FD4AA2): 10
LogDevObjectVersion:   Dev-Build (E1C64328-A22C-4D53-A36C-8E866417BD8C): 0
LogDevObjectVersion:   Dev-Core (375EC13C-06E4-48FB-B500-84F0262A717E): 2
LogDevObjectVersion:   Dev-Editor (E4B068ED-F494-42E9-A231-DA0B2E46BB41): 23
LogDevObjectVersion:   Dev-Framework (CFFC743F-43B0-4480-9391-14DF171D2073): 33
LogDevObjectVersion:   Dev-Mobile (B02B49B5-BB20-44E9-A304-32B752E40360): 2
LogDevObjectVersion:   Dev-Networking (A4E4105C-59A1-49B5-A7C5-40C4547EDFEE): 0
LogDevObjectVersion:   Dev-Online (39C831C9-5AE6-47DC-9A44-9C173E1C8E7C): 0
LogDevObjectVersion:   Dev-Physics (78F01B33-EBEA-4F98-B9B4-84EACCB95AA2): 0
LogDevObjectVersion:   Dev-Platform (6631380F-2D4D-43E0-8009-CF276956A95A): 0
LogDevObjectVersion:   Dev-Rendering (12F88B9F-8875-4AFC-A67C-D90C383ABD29): 25
LogDevObjectVersion:   Dev-Sequencer (7B5AE74C-D270-4C10-A958-57980B212A5A): 6
LogDevObjectVersion:   Dev-VR (D7296918-1DD6-4BDD-9DE2-64A83CC13884): 1
LogDevObjectVersion:   Dev-LoadTimes (C2A15278-BFE7-4AFE-6C17-90FF531DF755): 1
LogDevObjectVersion:   Private-Geometry (6EACA3D4-40EC-4CC1-B786-8BED09428FC5): 2
LogDevObjectVersion:   Dev-AnimPhys (29E575DD-E0A3-4627-9D10-D276232CDCEA): 16
LogDevObjectVersion:   Dev-ReflectionCapture (6B266CEC-1EC7-4B8F-A30B-E4D90942FC07): 1
LogDevObjectVersion:   Dev-Automation (0DF73D61-A23F-47EA-B727-89E90C41499A): 1
LogInit: Compiled (64-bit): Apr 27 2018 02:06:57
LogInit: Compiled with Visual C++: 19.00.24215.01
LogInit: Build Configuration: Development
LogInit: Branch Name: ++UE4+Release-4.19
LogInit: Command Line:  
LogInit: Base Directory: D:/Program Files/Epic Games/UE_4.19/Engine/Binaries/Win64/
LogInit: Installed Engine Build: 1
LogStreaming: Display: Took  0.000s to delete old logs.
LogInit: Presizing for max 8388607 objects, including 0 objects not considered by GC, pre-allocating 0 bytes for permanent pool.
LogInit: Object subsystem initialized
[2018.05.21-19.01.45:927][  0]LogInit: Selected Device Profile: [Windows]
[2018.05.21-19.01.45:927][  0]LogInit: Applying CVar settings loaded from the selected device profile: [Windows]
[2018.05.21-19.01.45:937][  0]LogInit: Computer: FRONTIER
[2018.05.21-19.01.45:937][  0]LogInit: User: tyler
[2018.05.21-19.01.45:937][  0]LogInit: CPU Page size=4096, Cores=4
[2018.05.21-19.01.45:937][  0]LogInit: High frequency timer resolution =3.906246 MHz
[2018.05.21-19.01.45:937][  0]LogMemory: Memory total: Physical=15.9GB (16GB approx)
[2018.05.21-19.01.45:937][  0]LogMemory: Platform Memory Stats for Windows
[2018.05.21-19.01.45:937][  0]LogMemory: Process Physical Memory: 274.91 MB used, 274.91 MB peak
[2018.05.21-19.01.45:937][  0]LogMemory: Process Virtual Memory: 264.82 MB used, 264.82 MB peak
[2018.05.21-19.01.45:937][  0]LogMemory: Physical Memory: 6365.22 MB used,  9894.27 MB free, 16259.50 MB total
[2018.05.21-19.01.45:937][  0]LogMemory: Virtual Memory: 697.86 MB used,  9894.27 MB free, 134217728.00 MB total
[2018.05.21-19.01.45:952][  0]LogInit: Using OS detected language (en-US).
[2018.05.21-19.01.45:952][  0]LogInit: Using OS detected locale (en-US).
[2018.05.21-19.01.45:955][  0]LogTextLocalizationManager: No specific localization for 'en-US' exists, so the 'en' localization will be used.
[2018.05.21-19.01.46:271][  0]LogStreaming: Display: Took  0.319s to EndInitTextLocalization.
[2018.05.21-19.01.46:271][  0]LogInit: Setting process to per monitor DPI aware
[2018.05.21-19.01.46:290][  0]LogSlate: New Slate User Created.  User Index 0, Is Virtual User: 0
[2018.05.21-19.01.46:290][  0]LogSlate: Slate User Registered.  User Index 0, Is Virtual User: 0
[2018.05.21-19.01.46:511][  0]LogD3D11RHI: D3D11 adapters:
[2018.05.21-19.01.46:535][  0]LogD3D11RHI:    0. 'NVIDIA GeForce GTX 970' (Feature Level 11_0)
[2018.05.21-19.01.46:535][  0]LogD3D11RHI:       4058/0/8129 MB DedicatedVideo/DedicatedSystem/SharedSystem, Outputs:1, VendorId:0x10de
[2018.05.21-19.01.46:539][  0]LogD3D11RHI:    1. 'Intel(R) HD Graphics 4600' (Feature Level 11_0)
[2018.05.21-19.01.46:539][  0]LogD3D11RHI:       112/0/2048 MB DedicatedVideo/DedicatedSystem/SharedSystem, Outputs:0, VendorId:0x8086
[2018.05.21-19.01.46:541][  0]LogD3D11RHI:    2. 'Microsoft Basic Render Driver' (Feature Level 11_0)
[2018.05.21-19.01.46:541][  0]LogD3D11RHI:       0/0/8129 MB DedicatedVideo/DedicatedSystem/SharedSystem, Outputs:0, VendorId:0x1414
[2018.05.21-19.01.46:541][  0]LogD3D11RHI: Chosen D3D11 Adapter: 0
[2018.05.21-19.01.46:546][  0]LogD3D11RHI: Creating new Direct3DDevice
[2018.05.21-19.01.46:546][  0]LogD3D11RHI:     GPU DeviceId: 0x13c2 (for the marketing name, search the web for "GPU Device Id")
[2018.05.21-19.01.46:546][  0]LogWindows: EnumDisplayDevices:
[2018.05.21-19.01.46:546][  0]LogWindows:    0. 'NVIDIA GeForce GTX 970' (P:1 D:1)
[2018.05.21-19.01.46:546][  0]LogWindows:    1. 'NVIDIA GeForce GTX 970' (P:0 D:0)
[2018.05.21-19.01.46:546][  0]LogWindows:    2. 'NVIDIA GeForce GTX 970' (P:0 D:0)
[2018.05.21-19.01.46:546][  0]LogWindows:    3. 'NVIDIA GeForce GTX 970' (P:0 D:0)
[2018.05.21-19.01.46:546][  0]LogWindows:    4. 'Intel(R) HD Graphics 4600' (P:0 D:0)
[2018.05.21-19.01.46:546][  0]LogWindows:    5. 'Intel(R) HD Graphics 4600' (P:0 D:0)
[2018.05.21-19.01.46:546][  0]LogWindows:    6. 'Intel(R) HD Graphics 4600' (P:0 D:0)
[2018.05.21-19.01.46:546][  0]LogWindows: DebugString: GetVideoDriverDetailsInvalid PrimaryIsNotTheChoosenAdapter GetVideoDriverDetailsInvalid PrimaryIsNotTheChoosenAdapter GetVideoDriverDetailsInvalid PrimaryIsNotTheChoosenAdapter GetVideoDriverDetailsInvalid PrimaryIsNotTheChoosenAdapter GetVideoDriverDetailsInvalid PrimaryIsNotTheChoosenAdapter GetVideoDriverDetailsInvalid PrimaryIsNotTheChoosenAdapter GetVideoDriverDetailsInvalid PrimaryIsNotTheChoosenAdapter FoundDriverCount:0 
[2018.05.21-19.01.46:546][  0]LogD3D11RHI:     Adapter Name: NVIDIA GeForce GTX 970
[2018.05.21-19.01.46:546][  0]LogD3D11RHI:   Driver Version: Unknown (internal:Unknown, unified:Unknown)
[2018.05.21-19.01.46:546][  0]LogD3D11RHI:      Driver Date: Unknown
[2018.05.21-19.01.46:546][  0]LogRHI: Texture pool is 2840 MB (70% of 4058 MB)
[2018.05.21-19.01.46:562][  0]LogD3D11RHI: [Aftermath] Aftermath enabled but failed to initialize
[2018.05.21-19.01.46:562][  0]LogD3D11RHI: [Aftermath] Aftermath enabled and primed
[2018.05.21-19.01.46:562][  0]LogD3D11RHI: Async texture creation enabled
[2018.05.21-19.01.46:573][  0]LogD3D11RHI: GPU Timing Frequency: 1000.000000 (Debug: 2 1)
[2018.05.21-19.01.46:621][  0]LogShaderCompilers: Guid format shader working directory is 1 characters bigger than the processId version (C:/Users/Tyler/dev/Unreal Projects/Section_01/Intermediate/Shaders/WorkingDirectory/1964/).
[2018.05.21-19.01.46:621][  0]LogShaderCompilers: Cleaned the shader compiler working directory 'C:/Users/Tyler/AppData/Local/Temp/UnrealShaderWorkingDir/B23649784824B45CC5519293CB930047/'.
[2018.05.21-19.01.46:783][  0]LogTemp: Display: Loaded TP AllDesktopTargetPlatform
[2018.05.21-19.01.46:793][  0]LogTemp: Display: Loaded TP MacClientTargetPlatform
[2018.05.21-19.01.46:803][  0]LogTemp: Display: Loaded TP MacNoEditorTargetPlatform
[2018.05.21-19.01.46:814][  0]LogTemp: Display: Loaded TP MacServerTargetPlatform
[2018.05.21-19.01.46:824][  0]LogTemp: Display: Loaded TP MacTargetPlatform
[2018.05.21-19.01.46:834][  0]LogTemp: Display: Loaded TP WindowsClientTargetPlatform
[2018.05.21-19.01.46:844][  0]LogTemp: Display: Loaded TP WindowsNoEditorTargetPlatform
[2018.05.21-19.01.46:855][  0]LogTemp: Display: Loaded TP WindowsServerTargetPlatform
[2018.05.21-19.01.46:860][  0]LogTemp: Display: Loaded TP WindowsTargetPlatform
[2018.05.21-19.01.46:869][  0]LogTemp: Display: Loaded TP Android_ASTCTargetPlatform
[2018.05.21-19.01.46:878][  0]LogTemp: Display: Loaded TP Android_ATCTargetPlatform
[2018.05.21-19.01.46:888][  0]LogTemp: Display: Loaded TP Android_DXTTargetPlatform
[2018.05.21-19.01.46:897][  0]LogTemp: Display: Loaded TP Android_ETC1aTargetPlatform
[2018.05.21-19.01.46:906][  0]LogTemp: Display: Loaded TP Android_ETC1TargetPlatform
[2018.05.21-19.01.46:916][  0]LogTemp: Display: Loaded TP Android_ETC2TargetPlatform
[2018.05.21-19.01.46:935][  0]LogTemp: Display: Loaded TP Android_MultiTargetPlatform
[2018.05.21-19.01.46:935][  0]LogTemp: Display: Loaded TP Android_PVRTCTargetPlatform
[2018.05.21-19.01.46:944][  0]LogTemp: Display: Loaded TP AndroidTargetPlatform
[2018.05.21-19.01.46:946][  0]LogTemp: Display: Loaded TP HTML5TargetPlatform
[2018.05.21-19.01.46:979][  0]LogTemp: Display: Loaded TP IOSTargetPlatform
[2018.05.21-19.01.46:988][  0]LogTemp: Display: Loaded TP TVOSTargetPlatform
[2018.05.21-19.01.46:998][  0]LogTemp: Display: Loaded TP LinuxClientTargetPlatform
[2018.05.21-19.01.47:007][  0]LogTemp: Display: Loaded TP LinuxNoEditorTargetPlatform
[2018.05.21-19.01.47:017][  0]LogTemp: Display: Loaded TP LinuxServerTargetPlatform
[2018.05.21-19.01.47:027][  0]LogTemp: Display: Loaded TP LinuxTargetPlatform
[2018.05.21-19.01.47:027][  0]LogTargetPlatformManager: Display: Building Assets For Windows
[2018.05.21-19.01.47:129][  0]LogXGEController: Cleaning working directory: C:/Users/Tyler/AppData/Local/Temp/UnrealXGEWorkingDir/
[2018.05.21-19.01.47:129][  0]LogXGEController: Cannot use XGE Controller as Incredibuild is not installed on this machine.
[2018.05.21-19.01.47:129][  0]LogShaderCompilers: Cannot use XGE Shader Compiler as Incredibuild is not installed on this machine.
[2018.05.21-19.01.47:129][  0]LogShaderCompilers: Display: Using Local Shader Compiler.
[2018.05.21-19.01.47:741][  0]LogDerivedDataCache: Display: Max Cache Size: 512 MB
[2018.05.21-19.01.47:788][  0]LogDerivedDataCache: Loaded boot cache 0.05s 74MB C:/Users/Tyler/AppData/Local/UnrealEngine/4.19/DerivedDataCache/Boot.ddc.
[2018.05.21-19.01.47:788][  0]LogDerivedDataCache: Display: Loaded Boot cache: C:/Users/Tyler/AppData/Local/UnrealEngine/4.19/DerivedDataCache/Boot.ddc
[2018.05.21-19.01.47:789][  0]LogDerivedDataCache: FDerivedDataBackendGraph:  Pak pak cache file C:/Users/Tyler/dev/Unreal Projects/Section_01/DerivedDataCache/DDC.ddp not found, will not use a pak cache.
[2018.05.21-19.01.47:789][  0]LogDerivedDataCache: Unable to find inner node Pak for hierarchical cache Hierarchy.
[2018.05.21-19.01.47:789][  0]LogDerivedDataCache: FDerivedDataBackendGraph:  CompressedPak pak cache file C:/Users/Tyler/dev/Unreal Projects/Section_01/DerivedDataCache/Compressed.ddp not found, will not use a pak cache.
[2018.05.21-19.01.47:789][  0]LogDerivedDataCache: Unable to find inner node CompressedPak for hierarchical cache Hierarchy.
[2018.05.21-19.01.47:801][  0]LogDerivedDataCache: Display: Pak cache opened for reading ../../../Engine/DerivedDataCache/Compressed.ddp.
[2018.05.21-19.01.47:813][  0]LogDerivedDataCache: Using Local data cache path C:/Users/Tyler/AppData/Local/UnrealEngine/Common/DerivedDataCache: Writable
[2018.05.21-19.01.47:813][  0]LogDerivedDataCache: Shared data cache path not found in *engine.ini, will not use an Shared cache.
[2018.05.21-19.01.47:813][  0]LogDerivedDataCache: Unable to find inner node Shared for hierarchical cache Hierarchy.
[2018.05.21-19.01.47:821][  0]LogMaterial: Verifying Global Shaders for PCD3D_SM5
[2018.05.21-19.01.47:821][  0]LogSlate: Using Freetype 2.6.0
[2018.05.21-19.01.47:822][  0]LogSlate: SlateFontCache - WITH_FREETYPE: 1, WITH_HARFBUZZ: 1
[2018.05.21-19.01.47:822][  0]LogSlate: SlateFontCache - WITH_FREETYPE: 1, WITH_HARFBUZZ: 1
[2018.05.21-19.01.47:955][  0]LogAssetRegistry: FAssetRegistry took 0.0251 seconds to start up
[2018.05.21-19.01.48:190][  0]LogInit: Selected Device Profile: [Windows]
[2018.05.21-19.01.48:305][  0]LogSimplygon: Simplygon DLL not present - disabling.
[2018.05.21-19.01.48:308][  0]LogMeshReduction: Using SimplygonSwarm for distributed automatic mesh merging
[2018.05.21-19.01.48:308][  0]LogMeshReduction: Using QuadricMeshReduction for automatic static mesh reduction
[2018.05.21-19.01.48:308][  0]LogMeshReduction: No automatic skeletal mesh reduction module available
[2018.05.21-19.01.48:308][  0]LogMeshReduction: No automatic mesh merging module available
[2018.05.21-19.01.48:308][  0]LogMeshMerging: No automatic mesh merging module available
[2018.05.21-19.01.48:336][  0]LogNetVersion: Section_01 , NetCL: 3944462, EngineNetVer: 2, GameNetVer: 0 (Checksum: 3103006535)
[2018.05.21-19.01.48:658][  0]LogPackageLocalizationCache: Processed 9 localized package path(s) for 2 prioritized culture(s) in 0.054798 seconds
[2018.05.21-19.01.48:662][  0]LogUObjectArray: 36728 objects as part of root set at end of initial load.
[2018.05.21-19.01.48:662][  0]LogUObjectAllocator: 7314304 out of 0 bytes used by permanent object pool.
[2018.05.21-19.01.48:662][  0]LogUObjectArray: CloseDisregardForGC: 0/0 objects in disregard for GC pool
[2018.05.21-19.01.50:012][  0]LogTcpMessaging: Initializing TcpMessaging bridge
[2018.05.21-19.01.50:042][  0]LogUdpMessaging: Initializing bridge on interface 0.0.0.0:0 to multicast group 230.0.0.1:6666.
[2018.05.21-19.01.50:412][  0]SourceControl: Source control is disabled
[2018.05.21-19.01.50:412][  0]SourceControl: Source control is disabled
[2018.05.21-19.01.50:431][  0]SourceControl: Source control is disabled
[2018.05.21-19.01.50:449][  0]SourceControl: Source control is disabled
[2018.05.21-19.01.50:941][  0]LogAndroidPermission: UAndroidPermissionCallbackProxy::GetInstance
[2018.05.21-19.01.51:079][  0]LogOcInput: OculusInput pre-init called
[2018.05.21-19.01.51:177][  0]LogEngine: Initializing Engine...
[2018.05.21-19.01.51:178][  0]LogHMD: Failed to initialize OpenVR with code 110
[2018.05.21-19.01.51:179][  0]LogStats: UGameplayTagsManager::ConstructGameplayTagTree: Construct from data asset -  0.000 s
[2018.05.21-19.01.51:179][  0]LogStats: UGameplayTagsManager::ConstructGameplayTagTree: GameplayTagTreeChangedEvent.Broadcast -  0.000 s
[2018.05.21-19.01.51:335][  0]LogAIModule: Creating AISystem for world Untitled
[2018.05.21-19.01.51:346][  0]LogInit: XAudio2 using 'Speakers (High Definition Audio Device)' : 2 channels at 44.1 kHz using 16 bits per sample (channel mask 0x3)
[2018.05.21-19.01.51:356][  0]LogInit: FAudioDevice initialized.
[2018.05.21-19.01.51:436][  0]LogDerivedDataCache: Saved boot cache 0.08s 74MB C:/Users/Tyler/AppData/Local/UnrealEngine/4.19/DerivedDataCache/Boot.ddc.
[2018.05.21-19.01.51:446][  0]LogInit: Texture streaming: Enabled
[2018.05.21-19.01.51:458][  0]LogEngineSessionManager: EngineSessionManager initialized
[2018.05.21-19.01.51:468][  0]LogInit: Transaction tracking system initialized
[2018.05.21-19.01.51:485][  0]BlueprintLog: New page: Editor Load
[2018.05.21-19.01.51:536][  0]LocalizationService: Localization service is disabled
[2018.05.21-19.01.51:621][  0]LogConsoleResponse: Display: 
[2018.05.21-19.01.51:739][  0]LogCook: Display: Max memory allowance for cook 16384mb min free memory 0mb
[2018.05.21-19.01.51:739][  0]LogCook: Display: Mobile HDR setting 1
[2018.05.21-19.01.51:739][  0]LogGameplayTags: Display: UGameplayTagsManager::DoneAddingNativeTags. DelegateIsBound: 0
[2018.05.21-19.01.51:739][  0]LogFileCache: Scanning file cache for directory 'C:/Users/Tyler/dev/Unreal Projects/Section_01/Content/' took 0.01s
[2018.05.21-19.01.51:739][  0]LogStats: UGameplayTagsManager::ConstructGameplayTagTree: Construct from data asset -  0.000 s
[2018.05.21-19.01.51:739][  0]LogStats: UGameplayTagsManager::ConstructGameplayTagTree: GameplayTagTreeChangedEvent.Broadcast -  0.000 s
[2018.05.21-19.01.52:098][  0]SourceControl: Source control is disabled
[2018.05.21-19.01.52:099][  0]Cmd: MAP LOAD FILE="C:/Users/Tyler/dev/Unreal Projects/Section_01/Content/level1.umap" TEMPLATE=0 SHOWPROGRESS=1 FEATURELEVEL=3
[2018.05.21-19.01.52:099][  0]LightingResults: New page: Lighting Build
[2018.05.21-19.01.52:101][  0]MapCheck: New page: Map Check
[2018.05.21-19.01.52:101][  0]LightingResults: New page: Lighting Build
[2018.05.21-19.01.52:244][  0]LogAIModule: Creating AISystem for world level1
[2018.05.21-19.01.52:247][  0]LogEditorServer: Finished looking for orphan Actors (0.000 secs)
[2018.05.21-19.01.52:256][  0]Cmd: MAP CHECKDEP NOCLEARLOG
[2018.05.21-19.01.52:329][  0]MapCheck: Map check complete: 0 Error(s), 0 Warning(s), took 72.106ms to complete.
[2018.05.21-19.01.52:329][  0]LogFileHelpers: Loading map 'level1' took 0.230
[2018.05.21-19.01.52:428][  0]LogCollectionManager: Loaded 0 collections in 0.000908 seconds
[2018.05.21-19.01.52:465][  0]LogFileCache: Scanning file cache for directory 'C:/Users/Tyler/dev/Unreal Projects/Section_01/Saved/Collections/' took 0.01s
[2018.05.21-19.01.52:465][  0]LogFileCache: Scanning file cache for directory 'C:/Users/Tyler/dev/Unreal Projects/Section_01/Content/Developers/tyler/Collections/' took 0.01s
[2018.05.21-19.01.52:465][  0]LogFileCache: Scanning file cache for directory 'C:/Users/Tyler/dev/Unreal Projects/Section_01/Content/Collections/' took 0.01s
[2018.05.21-19.01.52:465][  0]LogCollectionManager: Rebuilt the GUID cache for 0 collections in 0.000000 seconds
[2018.05.21-19.01.52:473][  0]LogContentBrowser: Native class hierarchy populated in 0.0073 seconds. Added 2453 classes and 560 folders.
[2018.05.21-19.01.52:478][  0]LogContentBrowser: Native class hierarchy updated for 'WidgetCarousel' in 0.0005 seconds. Added 0 classes and 0 folders.
[2018.05.21-19.01.52:524][  0]LogContentBrowser: Native class hierarchy updated for 'AddContentDialog' in 0.0005 seconds. Added 0 classes and 0 folders.
[2018.05.21-19.01.52:527][  0]LogContentBrowser: Native class hierarchy updated for 'SceneOutliner' in 0.0005 seconds. Added 1 classes and 2 folders.
[2018.05.21-19.01.52:541][  0]LogSlate: Took 0.000252 seconds to synchronously load lazily loaded font '../../../Engine/Content/Slate/Fonts/Roboto-Regular.ttf' (155K)
[2018.05.21-19.01.52:542][  0]LogSlate: Took 0.000205 seconds to synchronously load lazily loaded font '../../../Engine/Content/Slate/Fonts/Roboto-Bold.ttf' (160K)
[2018.05.21-19.01.52:547][  0]LogSlate: Took 0.000197 seconds to synchronously load lazily loaded font '../../../Engine/Content/Editor/Slate/Fonts/FontAwesome.ttf' (139K)
[2018.05.21-19.01.52:622][  0]LogRenderer: Reallocating scene render targets to support 1208x576 Format 10 NumSamples 1 (Frame:1).
[2018.05.21-19.01.52:654][  0]LogSlate: Took 0.000202 seconds to synchronously load lazily loaded font '../../../Engine/Content/Slate/Fonts/Roboto-Light.ttf' (167K)
[2018.05.21-19.01.52:713][  0]LogContentBrowser: Native class hierarchy updated for 'HierarchicalLODOutliner' in 0.0005 seconds. Added 0 classes and 0 folders.
[2018.05.21-19.01.52:713][  0]LogLoad: (Engine Initialization) Total time: 9.67 seconds
[2018.05.21-19.01.52:713][  0]LogLoad: (Engine Initialization) Total Blueprint compile time: 0.00 seconds
[2018.05.21-19.01.53:047][  0]LogWindowsTextInputMethodSystem: Display: IME system now deactivated.
[2018.05.21-19.01.53:066][  0]LogAssetRegistry: Asset discovery search completed in 5.1330 seconds
[2018.05.21-19.01.53:067][  0]LogCollectionManager: Rebuilt the object cache for 0 collections in 0.000001 seconds (found 0 objects)
[2018.05.21-19.01.53:067][  0]LogCollectionManager: Fixed up redirectors for 0 collections in 0.000038 seconds (updated 0 objects)
[2018.05.21-19.01.53:069][  0]LogContentStreaming: Texture pool size now 1000 MB
[2018.05.21-19.02.13:865][483]LogSlate: FSceneViewport::OnFocusLost() reason 0
[2018.05.21-19.02.14:006][498]LogActorFactory: Actor Factory created Cone
[2018.05.21-19.02.15:192][638]LogActorFactory: Actor Factory created Cone
[2018.05.21-19.02.19:547][151]LogSlate: Took 0.000197 seconds to synchronously load lazily loaded font '../../../Engine/Content/Slate/Fonts/Roboto-Light.ttf' (167K)
[2018.05.21-19.02.19:549][151]LogSlate: FSceneViewport::OnFocusLost() reason 2
[2018.05.21-19.02.19:574][151]Cmd: OBJ SAVEPACKAGE PACKAGE="/Game/level1" FILE="C:/Users/Tyler/dev/Unreal Projects/Section_01/Content/level1.umap" SILENT=true AUTOSAVING=false KEEPDIRTY=false
[2018.05.21-19.02.19:604][151]LogSavePackage: Save=17.14ms
[2018.05.21-19.02.19:604][151]LogSavePackage: Moving 'C:/Users/Tyler/dev/Unreal Projects/Section_01/Saved/level10A630A404EF9C827598C189C6F2BF77F.tmp' to 'C:/Users/Tyler/dev/Unreal Projects/Section_01/Content/level1.umap'
[2018.05.21-19.02.19:609][151]LogSavePackage: Display: Finished SavePackage C:/Users/Tyler/dev/Unreal Projects/Section_01/Content/level1.umap
[2018.05.21-19.02.19:629][151]Cmd: OBJ SAVEPACKAGE PACKAGE="/Game/level1_BuiltData" FILE="C:/Users/Tyler/dev/Unreal Projects/Section_01/Content/level1_BuiltData.uasset" SILENT=true
[2018.05.21-19.02.19:645][151]LogSavePackage: Save=10.09ms
[2018.05.21-19.02.19:645][151]LogSavePackage: Moving 'C:/Users/Tyler/dev/Unreal Projects/Section_01/Saved/level1_BuiltDataD1E709D34775A089329FE18018612223.tmp' to 'C:/Users/Tyler/dev/Unreal Projects/Section_01/Content/level1_BuiltData.uasset'
[2018.05.21-19.02.19:646][151]LogSavePackage: Display: Finished SavePackage C:/Users/Tyler/dev/Unreal Projects/Section_01/Content/level1_BuiltData.uasset
[2018.05.21-19.02.25:077][802]LogSlate: FSceneViewport::OnFocusLost() reason 0
[2018.05.21-19.02.25:233][818]MapCheck: New page: Map Check
[2018.05.21-19.02.25:294][818]Cmd: MAP REBUILD ALLVISIBLE
[2018.05.21-19.02.25:294][818]LogEditorServer: Rebuildmap Clear paths rebuilt
[2018.05.21-19.02.25:397][818]LogMaterial: Missing cached shader map for material FDebugViewModeMaterialProxy WorldGridMaterial, compiling. Is special engine material.
[2018.05.21-19.02.25:480][818]LogShaderCompilers: Display: Shaders left to compile 1
[2018.05.21-19.02.25:480][818]LogMaterial: Missing cached shader map for material FDebugViewModeMaterialProxy DefaultMaterial, compiling. 
[2018.05.21-19.02.25:483][818]LogMaterial: Missing cached shader map for material FDebugViewModeMaterialProxy MaterialInstanceDynamic_1, compiling. 
[2018.05.21-19.02.25:493][818]LogMaterial: Missing cached shader map for material FDebugViewModeMaterialProxy BasicShapeMaterial, compiling. 
[2018.05.21-19.02.26:975][818]LogShaderCompilers: Display: Shaders left to compile 3
[2018.05.21-19.02.26:975][818]LogShaderCompilers: Display: Shaders left to compile 2
[2018.05.21-19.02.26:975][818]LogShaderCompilers: Display: Shaders left to compile 1
[2018.05.21-19.02.26:975][818]TextureStreamingBuild: Display: Compiling optional shaders took 1.588 seconds.
[2018.05.21-19.02.26:997][818]LogLevel: Display: Export Material TexCoord Scales took 0.022 seconds.
[2018.05.21-19.02.27:006][818]TextureStreamingBuild: Display: Build Texture Streaming took 0.009 seconds.
[2018.05.21-19.02.27:052][818]LightingResults: New page: Lighting Build - May 21, 2018, 11:02:27 AM
[2018.05.21-19.02.27:207][818]LogSwarmInterface: [OpenConnection] Registering TCP channel ...
[2018.05.21-19.02.27:338][818]LogSwarmInterface: [OpenConnection] Connecting to agent ...
[2018.05.21-19.02.27:350][818]LogSwarmInterface: [TryOpenConnection] Testing the Agent
[2018.05.21-19.02.27:871][818]LogSwarmInterface: [TryOpenConnection] Opening Connection to Agent
[2018.05.21-19.02.27:871][818]LogSwarmInterface: [TryOpenConnection] Local Process ID is 1964
[2018.05.21-19.02.30:447][818]LogStaticLightingSystem: Warning: No importance volume found, so the scene bounding box was used.  You can optimize your scene's quality and lighting build times by adding importance volumes.
[2018.05.21-19.02.30:454][818]LogStaticLightingSystem: Running Lightmass w/ ImmediateImport mode ENABLED
[2018.05.21-19.02.30:454][818]LogStaticLightingSystem: Running Lightmass w/ ImmediateProcess mode ENABLED
[2018.05.21-19.02.30:454][818]LogStaticLightingSystem: Running Lightmass w/ Sorting mode ENABLED
[2018.05.21-19.02.30:454][818]LogStaticLightingSystem: Running Lightmass w/ Mapping paddings ENABLED
[2018.05.21-19.02.30:454][818]LogStaticLightingSystem: Running Lightmass w/ Mapping debug paddings DISABLED
[2018.05.21-19.02.30:666][818]Cmd: MAP CHECK DONTDISPLAYDIALOG
[2018.05.21-19.02.30:666][818]MapCheck: New page: level1 - May 21, 2018, 11:02:30 AM
[2018.05.21-19.02.30:679][818]MapCheck: Error: WorldSettings_1 Maps need lighting rebuilt 
[2018.05.21-19.02.30:808][818]MapCheck: Map check complete: 1 Error(s), 0 Warning(s), took 142.825ms to complete.
[2018.05.21-19.02.30:830][818]LogEditorBuildUtils: Build time 0:05
[2018.05.21-19.02.30:894][818]LogMaterial: Missing cached shader map for material FLightmassMaterialRenderer DefaultMaterial, compiling. 
[2018.05.21-19.02.30:916][818]LogMaterial: Missing cached shader map for material FLightmassMaterialRenderer DefaultMaterial, compiling. 
[2018.05.21-19.02.30:956][818]LogShaderCompilers: Display: Shaders left to compile 4
[2018.05.21-19.02.30:969][819]LogMaterial: Missing cached shader map for material FLightmassMaterialRenderer MaterialInstanceDynamic_1, compiling. 
[2018.05.21-19.02.30:973][819]LogShaderCompilers: Display: Shaders left to compile 2
[2018.05.21-19.02.30:973][819]LogMaterial: Missing cached shader map for material FLightmassMaterialRenderer MaterialInstanceDynamic_1, compiling. 
[2018.05.21-19.02.30:983][819]LogShaderCompilers: Display: Shaders left to compile 2
[2018.05.21-19.02.30:994][820]LogMaterial: Missing cached shader map for material FLightmassMaterialRenderer BasicShapeMaterial, compiling. 
[2018.05.21-19.02.30:999][820]LogShaderCompilers: Display: Shaders left to compile 2
[2018.05.21-19.02.30:999][820]LogMaterial: Missing cached shader map for material FLightmassMaterialRenderer BasicShapeMaterial, compiling. 
[2018.05.21-19.02.31:019][821]LogMaterial: Missing cached shader map for material FLightmassMaterialRenderer WorldGridMaterial, compiling. Is special engine material.
[2018.05.21-19.02.31:025][821]LogMaterial: Missing cached shader map for material FLightmassMaterialRenderer WorldGridMaterial, compiling. Is special engine material.
[2018.05.21-19.02.32:007][822]LogShaderCompilers: Display: Shaders left to compile 6
[2018.05.21-19.02.33:794][920]Job is a success!
[2018.05.21-19.02.33:848][921]LogVolumetricLightmapImport: Imported Volumetric Lightmap in 0.023s
[2018.05.21-19.02.33:848][921]LogVolumetricLightmapImport:      Indirection Texture 16x16x16 = 0.0Mb
[2018.05.21-19.02.33:848][921]LogVolumetricLightmapImport:      BrickData 30x5x5 = 0.0Mb
[2018.05.21-19.02.33:848][921]LogVolumetricLightmapImport:      Bricks at Level
[2018.05.21-19.02.33:848][921]LogVolumetricLightmapImport:          0: 16.7% covering 100.0% of volume
[2018.05.21-19.02.33:848][921]LogVolumetricLightmapImport:          1: 16.7% covering 1.6% of volume
[2018.05.21-19.02.33:848][921]LogVolumetricLightmapImport:          2: 66.7% covering 0.1% of volume
[2018.05.21-19.02.33:946][921]LogTexture: Display: Building textures: HQ_Lightmap1_1 (AutoDXT, 256X256)
[2018.05.21-19.02.33:946][921]LogTexture: Display: Building textures: LQ_Lightmap_1_1 (DXT1, 256X256)
[2018.05.21-19.02.33:946][921]LogTexture: Display: Building textures: HQ_Lightmap1_2 (AutoDXT, 64X64)
[2018.05.21-19.02.33:946][921]LogTexture: Display: Building textures: LQ_Lightmap_1_2 (DXT1, 64X64)
[2018.05.21-19.02.33:946][921]LogTexture: Display: Building textures: ShadowMapTexture2D_3 (G8, 32X32)
[2018.05.21-19.02.33:946][921]LogTexture: Display: Building textures: ShadowMapTexture2D_2 (G8, 256X128)
[2018.05.21-19.02.33:965][921]Lightmass on FRONTIER: 978 ms total, 131 ms importing, 14 ms setup, 375 ms photons, 391 ms processing, 0 ms extra exporting [4/4 mappings]. Threads: 2.57 sec total, 200 ms processing.
[2018.05.21-19.02.33:990][921]LogStaticLightingSystem: Illumination: 6.96 sec (82 ms encoding lightmaps, 8 ms encoding shadowmaps)
[2018.05.21-19.02.33:990][921]LogStaticLightingSystem: Lightmap texture memory:  0.1 MB (0.1 MB streaming, 0.0 MB non-streaming), 4 textures
[2018.05.21-19.02.33:990][921]LogStaticLightingSystem: Shadowmap texture memory: 0.0 MB (0.0 MB streaming, 0.0 MB non-streaming), 2 textures
[2018.05.21-19.02.34:450][921]DumpUnbuiltLightIteractions
[2018.05.21-19.02.34:450][921]Lights with unbuilt interactions: 0
[2018.05.21-19.02.34:450][921]
[2018.05.21-19.02.34:450][921]Primitives with unbuilt interactions: 0
[2018.05.21-19.02.34:506][922]Cmd: MAP CHECK NOTIFYRESULTS
[2018.05.21-19.02.34:506][922]MapCheck: New page: level1 - May 21, 2018, 11:02:34 AM
[2018.05.21-19.02.34:578][922]MapCheck: Map check complete: 0 Error(s), 0 Warning(s), took 72.555ms to complete.
[2018.05.21-19.02.36:776][185]LogSlate: Window 'Message Log' being destroyed
[2018.05.21-19.02.36:778][185]LogSlate: Window 'Message Log' being destroyed
[2018.05.21-19.02.38:574][400]Cmd: OBJ SAVEPACKAGE PACKAGE="/Game/level1" FILE="C:/Users/Tyler/dev/Unreal Projects/Section_01/Content/level1.umap" SILENT=true AUTOSAVING=false KEEPDIRTY=false
[2018.05.21-19.02.38:600][400]LogSavePackage: Save=17.28ms
[2018.05.21-19.02.38:600][400]LogSavePackage: Moving 'C:/Users/Tyler/dev/Unreal Projects/Section_01/Saved/level199679BE34BE81825D4E4E8A76A9D4538.tmp' to 'C:/Users/Tyler/dev/Unreal Projects/Section_01/Content/level1.umap'
[2018.05.21-19.02.38:605][400]LogSavePackage: Display: Finished SavePackage C:/Users/Tyler/dev/Unreal Projects/Section_01/Content/level1.umap
[2018.05.21-19.02.38:623][400]Cmd: OBJ SAVEPACKAGE PACKAGE="/Game/level1_BuiltData" FILE="C:/Users/Tyler/dev/Unreal Projects/Section_01/Content/level1_BuiltData.uasset" SILENT=true
[2018.05.21-19.02.38:635][400]LogSavePackage: Save=9.84ms
[2018.05.21-19.02.38:635][400]LogSavePackage: Moving 'C:/Users/Tyler/dev/Unreal Projects/Section_01/Saved/level1_BuiltData3C46135A4EA2914B6D7EB18AEB9A0727.tmp' to 'C:/Users/Tyler/dev/Unreal Projects/Section_01/Content/level1_BuiltData.uasset'
[2018.05.21-19.02.38:637][400]LogSavePackage: Display: Finished SavePackage C:/Users/Tyler/dev/Unreal Projects/Section_01/Content/level1_BuiltData.uasset
[2018.05.21-19.02.39:877][542]LogSlate: Window 'Section_01 - Unreal Editor' being destroyed
[2018.05.21-19.02.39:877][542]LogWindowsTextInputMethodSystem: Display: IME system now deactivated.
[2018.05.21-19.02.40:025][543]Cmd: QUIT_EDITOR
[2018.05.21-19.02.40:042][543]LogSlate: Slate User Destroyed.  User Index 0, Is Virtual User: 0
[2018.05.21-19.02.40:042][543]LogExit: Preparing to exit.
[2018.05.21-19.02.41:111][543]LogExit: Editor shut down
[2018.05.21-19.02.41:112][543]LogExit: Transaction tracking system shut down
[2018.05.21-19.02.41:247][543]LogDirectoryWatcher: A directory notification for '../../../Engine/Content/' was aborted.
[2018.05.21-19.02.41:247][543]LogDirectoryWatcher: A directory notification for 'C:/Users/Tyler/dev/Unreal Projects/Section_01/Content/' was aborted.
[2018.05.21-19.02.41:247][543]LogDirectoryWatcher: A directory notification for '../../Plugins/2D/Paper2D/Content/' was aborted.
[2018.05.21-19.02.41:247][543]LogDirectoryWatcher: A directory notification for '../../Plugins/Enterprise/DatasmithContent/Content/' was aborted.
[2018.05.21-19.02.41:248][543]LogDirectoryWatcher: A directory notification for '../../Plugins/Media/MediaCompositing/Content/' was aborted.
[2018.05.21-19.02.41:248][543]LogDirectoryWatcher: A directory notification for '../../Plugins/Runtime/AppleARKit/Content/' was aborted.
[2018.05.21-19.02.41:248][543]LogDirectoryWatcher: A directory notification for '../../Plugins/Runtime/Oculus/OculusVR/Content/' was aborted.
[2018.05.21-19.02.41:248][543]LogDirectoryWatcher: A directory notification for '../../Plugins/Runtime/Steam/SteamVR/Content/' was aborted.
[2018.05.21-19.02.41:286][543]LogExit: Object subsystem successfully closed.
[2018.05.21-19.02.41:302][543]LogShaderCompilers: Display: Shaders left to compile 0
[2018.05.21-19.02.41:305][543]LogD3D11RHI: Shutdown
[2018.05.21-19.02.41:306][543]LogD3D11RHI: CleanupD3DDevice
[2018.05.21-19.02.41:308][543]LogD3D11RHI: ~FD3D11DynamicRHI
[2018.05.21-19.02.41:339][543]LogModuleManager: Shutting down and abandoning module HierarchicalLODUtilities (578)
[2018.05.21-19.02.41:339][543]LogModuleManager: Shutting down and abandoning module HierarchicalLODOutliner (576)
[2018.05.21-19.02.41:339][543]LogModuleManager: Shutting down and abandoning module DesktopPlatform (574)
[2018.05.21-19.02.41:339][543]LogModuleManager: Shutting down and abandoning module SceneOutliner (572)
[2018.05.21-19.02.41:339][543]LogModuleManager: Shutting down and abandoning module AddContentDialog (570)
[2018.05.21-19.02.41:339][543]LogDirectoryWatcher: A directory notification for 'D:/Program Files/Epic Games/UE_4.19/FeaturePacks/' was aborted.
[2018.05.21-19.02.41:340][543]LogModuleManager: Shutting down and abandoning module WidgetCarousel (569)
[2018.05.21-19.02.41:340][543]LogModuleManager: Shutting down and abandoning module EditorWidgets (566)
[2018.05.21-19.02.41:340][543]LogModuleManager: Shutting down and abandoning module CollectionManager (564)
[2018.05.21-19.02.41:340][543]LogDirectoryWatcher: A directory notification for 'C:/Users/Tyler/dev/Unreal Projects/Section_01/Content/Collections/' was aborted.
[2018.05.21-19.02.41:340][543]LogDirectoryWatcher: A directory notification for 'C:/Users/Tyler/dev/Unreal Projects/Section_01/Content/Developers/tyler/Collections/' was aborted.
[2018.05.21-19.02.41:340][543]LogDirectoryWatcher: A directory notification for 'C:/Users/Tyler/dev/Unreal Projects/Section_01/Saved/Collections/' was aborted.
[2018.05.21-19.02.41:340][543]LogModuleManager: Shutting down and abandoning module StatsViewer (562)
[2018.05.21-19.02.41:340][543]LogModuleManager: Shutting down and abandoning module FoliageEdit (560)
[2018.05.21-19.02.41:340][543]LogModuleManager: Shutting down and abandoning module LandscapeEditor (558)
[2018.05.21-19.02.41:340][543]LogModuleManager: Shutting down and abandoning module MeshPaintMode (556)
[2018.05.21-19.02.41:340][543]LogModuleManager: Shutting down and abandoning module SceneDepthPickerMode (554)
[2018.05.21-19.02.41:340][543]LogModuleManager: Shutting down and abandoning module ActorPickerMode (552)
[2018.05.21-19.02.41:340][543]LogModuleManager: Shutting down and abandoning module GeometryMode (550)
[2018.05.21-19.02.41:340][543]LogModuleManager: Shutting down and abandoning module TextureAlignMode (548)
[2018.05.21-19.02.41:340][543]LogModuleManager: Shutting down and abandoning module BspMode (546)
[2018.05.21-19.02.41:340][543]LogModuleManager: Shutting down and abandoning module PIEPreviewDeviceProfileSelector (544)
[2018.05.21-19.02.41:340][543]LogModuleManager: Shutting down and abandoning module HardwareSurvey (542)
[2018.05.21-19.02.41:340][543]LogModuleManager: Shutting down and abandoning module SequenceRecorderSections (540)
[2018.05.21-19.02.41:340][543]LogModuleManager: Shutting down and abandoning module AutomationWorker (538)
[2018.05.21-19.02.41:340][543]LogModuleManager: Shutting down and abandoning module AudioCaptureEditor (536)
[2018.05.21-19.02.41:340][543]LogModuleManager: Shutting down and abandoning module SequenceRecorder (535)
[2018.05.21-19.02.41:340][543]LogModuleManager: Shutting down and abandoning module MatineeToLevelSequence (532)
[2018.05.21-19.02.41:340][543]LogModuleManager: Shutting down and abandoning module LevelSequenceEditor (530)
[2018.05.21-19.02.41:340][543]LogModuleManager: Shutting down and abandoning module PlacementMode (529)
[2018.05.21-19.02.41:341][543]LogModuleManager: Shutting down and abandoning module MaterialEditor (528)
[2018.05.21-19.02.41:341][543]LogModuleManager: Shutting down and abandoning module WmfMediaFactory (524)
[2018.05.21-19.02.41:341][543]LogModuleManager: Shutting down and abandoning module WmfMediaEditor (522)
[2018.05.21-19.02.41:341][543]LogModuleManager: Shutting down and abandoning module MediaPlayerEditor (520)
[2018.05.21-19.02.41:341][543]LogModuleManager: Shutting down and abandoning module OpenExrWrapper (518)
[2018.05.21-19.02.41:341][543]LogModuleManager: Shutting down and abandoning module ImgMediaFactory (516)
[2018.05.21-19.02.41:341][543]LogModuleManager: Shutting down and abandoning module ImgMediaEditor (514)
[2018.05.21-19.02.41:341][543]LogModuleManager: Shutting down and abandoning module AvfMediaFactory (512)
[2018.05.21-19.02.41:341][543]LogModuleManager: Shutting down and abandoning module AvfMediaEditor (510)
[2018.05.21-19.02.41:341][543]LogModuleManager: Shutting down and abandoning module AndroidMediaFactory (508)
[2018.05.21-19.02.41:341][543]LogModuleManager: Shutting down and abandoning module AndroidMediaEditor (506)
[2018.05.21-19.02.41:341][543]LogModuleManager: Shutting down and abandoning module CharacterAI (504)
[2018.05.21-19.02.41:341][543]LogModuleManager: Shutting down and abandoning module SmartSnapping (502)
[2018.05.21-19.02.41:341][543]LogModuleManager: Shutting down and abandoning module SessionServices (500)
[2018.05.21-19.02.41:341][543]LogModuleManager: Shutting down and abandoning module ViewportSnapping (498)
[2018.05.21-19.02.41:341][543]LogModuleManager: Shutting down and abandoning module ViewportInteraction (496)
[2018.05.21-19.02.41:341][543]LogModuleManager: Shutting down and abandoning module ClothPainter (494)
[2018.05.21-19.02.41:341][543]LogModuleManager: Shutting down and abandoning module SkeletalMeshEditor (493)
[2018.05.21-19.02.41:341][543]LogModuleManager: Shutting down and abandoning module LogVisualizer (490)
[2018.05.21-19.02.41:341][543]LogModuleManager: Shutting down and abandoning module IntroTutorials (488)
[2018.05.21-19.02.41:341][543]LogModuleManager: Shutting down and abandoning module GameProjectGeneration (487)
[2018.05.21-19.02.41:341][543]LogModuleManager: Shutting down and abandoning module IOSPlatformEditor (484)
[2018.05.21-19.02.41:341][543]LogModuleManager: Shutting down and abandoning module HTML5PlatformEditor (482)
[2018.05.21-19.02.41:341][543]LogModuleManager: Shutting down and abandoning module AndroidPlatformEditor (480)
[2018.05.21-19.02.41:341][543]LogModuleManager: Shutting down and abandoning module AndroidDeviceDetection (479)
[2018.05.21-19.02.41:612][543]LogModuleManager: Shutting down and abandoning module WindowsPlatformEditor (476)
[2018.05.21-19.02.41:613][543]LogModuleManager: Shutting down and abandoning module IOSRuntimeSettings (474)
[2018.05.21-19.02.41:613][543]LogModuleManager: Shutting down and abandoning module AndroidRuntimeSettings (472)
[2018.05.21-19.02.41:613][543]LogModuleManager: Shutting down and abandoning module InputBindingEditor (470)
[2018.05.21-19.02.41:613][543]LogModuleManager: Shutting down and abandoning module MergeActors (468)
[2018.05.21-19.02.41:613][543]LogModuleManager: Shutting down and abandoning module LocalizationDashboard (466)
[2018.05.21-19.02.41:613][543]LogModuleManager: Shutting down and abandoning module LocalizationService (465)
[2018.05.21-19.02.41:613][543]LogModuleManager: Shutting down and abandoning module HardwareTargeting (462)
[2018.05.21-19.02.41:613][543]LogModuleManager: Shutting down and abandoning module DeviceProfileEditor (460)
[2018.05.21-19.02.41:613][543]LogModuleManager: Shutting down and abandoning module UndoHistory (458)
[2018.05.21-19.02.41:613][543]LogModuleManager: Shutting down and abandoning module XmlParser (456)
[2018.05.21-19.02.41:613][543]LogModuleManager: Shutting down and abandoning module Blutility (454)
[2018.05.21-19.02.41:613][543]LogModuleManager: Shutting down and abandoning module ProjectSettingsViewer (452)
[2018.05.21-19.02.41:613][543]LogModuleManager: Shutting down and abandoning module ProjectTargetPlatformEditor (451)
[2018.05.21-19.02.41:613][543]LogModuleManager: Shutting down and abandoning module EditorSettingsViewer (448)
[2018.05.21-19.02.41:613][543]LogModuleManager: Shutting down and abandoning module SettingsEditor (446)
[2018.05.21-19.02.41:613][543]LogModuleManager: Shutting down and abandoning module ProjectLauncher (444)
[2018.05.21-19.02.41:613][543]LogModuleManager: Shutting down and abandoning module SessionFrontend (442)
[2018.05.21-19.02.41:613][543]LogModuleManager: Shutting down and abandoning module ProfilerClient (440)
[2018.05.21-19.02.41:613][543]LogModuleManager: Shutting down and abandoning module DeviceManager (438)
[2018.05.21-19.02.41:613][543]LogModuleManager: Shutting down and abandoning module TargetDeviceServices (437)
[2018.05.21-19.02.41:679][543]LogModuleManager: Shutting down and abandoning module AutomationController (434)
[2018.05.21-19.02.41:679][543]LogModuleManager: Shutting down and abandoning module AutomationWindow (432)
[2018.05.21-19.02.41:679][543]LogModuleManager: Shutting down and abandoning module Layers (430)
[2018.05.21-19.02.41:679][543]LogModuleManager: Shutting down and abandoning module ComponentVisualizers (428)
[2018.05.21-19.02.41:679][543]LogModuleManager: Shutting down and abandoning module DetailCustomizations (426)
[2018.05.21-19.02.41:679][543]LogModuleManager: Shutting down and abandoning module PackagesDialog (424)
[2018.05.21-19.02.41:679][543]LogModuleManager: Shutting down and abandoning module Persona (422)
[2018.05.21-19.02.41:679][543]LogModuleManager: Shutting down and abandoning module AdvancedPreviewScene (421)
[2018.05.21-19.02.41:679][543]LogModuleManager: Shutting down and abandoning module AnimGraph (419)
[2018.05.21-19.02.41:679][543]LogModuleManager: Shutting down and abandoning module Kismet (416)
[2018.05.21-19.02.41:679][543]LogModuleManager: Shutting down and abandoning module GraphEditor (414)
[2018.05.21-19.02.41:679][543]LogModuleManager: Shutting down and abandoning module ClassViewer (412)
[2018.05.21-19.02.41:679][543]LogModuleManager: Shutting down and abandoning module Toolbox (410)
[2018.05.21-19.02.41:679][543]LogModuleManager: Shutting down and abandoning module ModuleUI (408)
[2018.05.21-19.02.41:679][543]LogModuleManager: Shutting down and abandoning module MovieSceneTools (406)
[2018.05.21-19.02.41:679][543]LogModuleManager: Shutting down and abandoning module OutputLog (404)
[2018.05.21-19.02.41:679][543]LogModuleManager: Shutting down and abandoning module GammaUI (402)
[2018.05.21-19.02.41:679][543]LogModuleManager: Shutting down and abandoning module Documentation (400)
[2018.05.21-19.02.41:679][543]LogModuleManager: Shutting down and abandoning module MovieSceneTracks (398)
[2018.05.21-19.02.41:679][543]LogModuleManager: Shutting down and abandoning module MovieScene (396)
[2018.05.21-19.02.41:679][543]LogModuleManager: Shutting down and abandoning module StreamingPauseRendering (394)
[2018.05.21-19.02.41:679][543]LogModuleManager: Shutting down and abandoning module LauncherPlatform (392)
[2018.05.21-19.02.41:679][543]LogModuleManager: Shutting down and abandoning module AnalyticsET (390)
[2018.05.21-19.02.41:679][543]LogModuleManager: Shutting down and abandoning module PortalServices (388)
[2018.05.21-19.02.41:679][543]LogModuleManager: Shutting down and abandoning module PortalRpc (386)
[2018.05.21-19.02.41:679][543]LogModuleManager: Shutting down and abandoning module MessagingRpc (384)
[2018.05.21-19.02.41:679][543]LogModuleManager: Shutting down and abandoning module AIModule (382)
[2018.05.21-19.02.41:679][543]LogModuleManager: Shutting down and abandoning module GameplayDebugger (381)
[2018.05.21-19.02.41:679][543]LogModuleManager: Shutting down and abandoning module AITestSuite (379)
[2018.05.21-19.02.41:679][543]LogModuleManager: Shutting down and abandoning module ProfilerService (376)
[2018.05.21-19.02.41:692][543]LogModuleManager: Shutting down and abandoning module TaskGraph (374)
[2018.05.21-19.02.41:692][543]LogModuleManager: Shutting down and abandoning module SteamVRController (372)
[2018.05.21-19.02.41:692][543]LogModuleManager: Shutting down and abandoning module ProceduralMeshComponentEditor (370)
[2018.05.21-19.02.41:692][543]LogModuleManager: Shutting down and abandoning module ProceduralMeshComponent (368)
[2018.05.21-19.02.41:692][543]LogModuleManager: Shutting down and abandoning module OculusInput (366)
[2018.05.21-19.02.41:692][543]LogModuleManager: Shutting down and abandoning module MobilePatchingUtils (364)
[2018.05.21-19.02.41:692][543]LogModuleManager: Shutting down and abandoning module CustomMeshComponent (362)
[2018.05.21-19.02.41:692][543]LogModuleManager: Shutting down and abandoning module CableComponent (360)
[2018.05.21-19.02.41:692][543]LogModuleManager: Shutting down and abandoning module AudioCapture (358)
[2018.05.21-19.02.41:692][543]LogModuleManager: Shutting down and abandoning module ArchVisCharacter (356)
[2018.05.21-19.02.41:692][543]LogModuleManager: Shutting down and abandoning module AndroidPermission (354)
[2018.05.21-19.02.41:692][543]LogModuleManager: Shutting down and abandoning module NUTUnrealEngine4 (350)
[2018.05.21-19.02.41:692][543]LogModuleManager: Shutting down and abandoning module NetcodeUnitTest (348)
[2018.05.21-19.02.41:692][543]LogModuleManager: Shutting down and abandoning module MediaCompositingEditor (346)
[2018.05.21-19.02.41:692][543]LogModuleManager: Shutting down and abandoning module MediaCompositing (344)
[2018.05.21-19.02.41:692][543]LogModuleManager: Shutting down and abandoning module LinearTimecode (342)
[2018.05.21-19.02.41:692][543]LogModuleManager: Shutting down and abandoning module ImgMedia (340)
[2018.05.21-19.02.41:694][543]LogModuleManager: Shutting down and abandoning module HTML5Networking (338)
[2018.05.21-19.02.41:694][543]LogModuleManager: Shutting down and abandoning module AlembicImporter (336)
[2018.05.21-19.02.41:694][543]LogModuleManager: Shutting down and abandoning module AlembicLibrary (335)
[2018.05.21-19.02.41:694][543]LogModuleManager: Shutting down and abandoning module GeometryCache (334)
[2018.05.21-19.02.41:694][543]LogModuleManager: Shutting down and abandoning module GeometryCacheEd (333)
[2018.05.21-19.02.41:694][543]LogModuleManager: Shutting down and abandoning module DatasmithContent (328)
[2018.05.21-19.02.41:694][543]LogModuleManager: Shutting down and abandoning module SpeedTreeImporter (326)
[2018.05.21-19.02.41:694][543]LogModuleManager: Shutting down and abandoning module PluginBrowser (324)
[2018.05.21-19.02.41:694][543]LogModuleManager: Shutting down and abandoning module MobileLauncherProfileWizard (322)
[2018.05.21-19.02.41:694][543]LogModuleManager: Shutting down and abandoning module CryptoKeysOpenSSL (320)
[2018.05.21-19.02.41:694][543]LogModuleManager: Shutting down and abandoning module CryptoKeys (318)
[2018.05.21-19.02.41:694][543]LogModuleManager: Shutting down and abandoning module VisualStudioSourceCodeAccess (316)
[2018.05.21-19.02.41:694][543]LogModuleManager: Shutting down and abandoning module VisualStudioCodeSourceCodeAccess (314)
[2018.05.21-19.02.41:694][543]LogModuleManager: Shutting down and abandoning module UObjectPlugin (312)
[2018.05.21-19.02.41:694][543]LogModuleManager: Shutting down and abandoning module SubversionSourceControl (310)
[2018.05.21-19.02.41:694][543]LogModuleManager: Shutting down and abandoning module PerforceSourceControl (308)
[2018.05.21-19.02.41:695][543]LogModuleManager: Shutting down and abandoning module GitSourceControl (306)
[2018.05.21-19.02.41:695][543]LogModuleManager: Shutting down and abandoning module SourceControl (305)
[2018.05.21-19.02.41:695][543]LogModuleManager: Shutting down and abandoning module CLionSourceCodeAccess (302)
[2018.05.21-19.02.41:695][543]LogModuleManager: Shutting down and abandoning module LightPropagationVolumeEditor (300)
[2018.05.21-19.02.41:695][543]LogModuleManager: Shutting down and abandoning module PaperTiledImporter (298)
[2018.05.21-19.02.41:695][543]LogModuleManager: Shutting down and abandoning module PaperSpriteSheetImporter (296)
[2018.05.21-19.02.41:695][543]LogModuleManager: Shutting down and abandoning module Paper2DEditor (294)
[2018.05.21-19.02.41:695][543]LogModuleManager: Shutting down and abandoning module MeshPaint (293)
[2018.05.21-19.02.41:695][543]LogModuleManager: Shutting down and abandoning module Section_01 (290)
[2018.05.21-19.02.41:695][543]LogModuleManager: Shutting down and abandoning module RuntimePhysXCooking (288)
[2018.05.21-19.02.41:695][543]LogModuleManager: Shutting down and abandoning module PhysXVehiclesEditor (286)
[2018.05.21-19.02.41:695][543]LogModuleManager: Shutting down and abandoning module PhysXVehicles (284)
[2018.05.21-19.02.41:695][543]LogModuleManager: Shutting down and abandoning module OculusEditor (282)
[2018.05.21-19.02.41:695][543]LogModuleManager: Shutting down and abandoning module LocationServicesBPLibrary (280)
[2018.05.21-19.02.41:695][543]LogModuleManager: Shutting down and abandoning module ImmediatePhysicsEditor (278)
[2018.05.21-19.02.41:695][543]LogModuleManager: Shutting down and abandoning module ImmediatePhysics (276)
[2018.05.21-19.02.41:695][543]LogModuleManager: Shutting down and abandoning module ActorSequence (274)
[2018.05.21-19.02.41:695][543]LogModuleManager: Shutting down and abandoning module UdpMessaging (272)
[2018.05.21-19.02.41:796][543]LogModuleManager: Shutting down and abandoning module TcpMessaging (270)
[2018.05.21-19.02.42:038][543]LogModuleManager: Shutting down and abandoning module GameplayTagsEditor (268)
[2018.05.21-19.02.42:038][543]LogModuleManager: Shutting down and abandoning module FacialAnimationEditor (266)
[2018.05.21-19.02.42:038][543]LogModuleManager: Shutting down and abandoning module FacialAnimation (264)
[2018.05.21-19.02.42:038][543]LogModuleManager: Shutting down and abandoning module DataValidation (262)
[2018.05.21-19.02.42:038][543]LogModuleManager: Shutting down and abandoning module AssetManagerEditor (260)
[2018.05.21-19.02.42:038][543]LogModuleManager: Shutting down and abandoning module LevelEditor (259)
[2018.05.21-19.02.42:039][543]LogModuleManager: Shutting down and abandoning module PixelInspectorModule (258)
[2018.05.21-19.02.42:039][543]LogModuleManager: Shutting down and abandoning module CommonMenuExtensions (256)
[2018.05.21-19.02.42:039][543]LogModuleManager: Shutting down and abandoning module MainFrame (254)
[2018.05.21-19.02.42:039][543]LogModuleManager: Shutting down and abandoning module HotReload (253)
[2018.05.21-19.02.42:039][543]LogDirectoryWatcher: A directory notification for 'C:/Users/Tyler/dev/Unreal Projects/Section_01/Binaries/Win64' was aborted.
[2018.05.21-19.02.42:039][543]LogModuleManager: Shutting down and abandoning module ContentBrowser (249)
[2018.05.21-19.02.42:040][543]LogModuleManager: Shutting down and abandoning module TreeMap (247)
[2018.05.21-19.02.42:040][543]LogModuleManager: Shutting down and abandoning module LightPropagationVolumeRuntime (244)
[2018.05.21-19.02.42:040][543]LogModuleManager: Shutting down and abandoning module LiveLinkEditor (242)
[2018.05.21-19.02.42:040][543]LogModuleManager: Shutting down and abandoning module LiveLink (240)
[2018.05.21-19.02.42:764][543]LogModuleManager: Shutting down and abandoning module Paper2D (238)
[2018.05.21-19.02.42:764][543]LogModuleManager: Shutting down and abandoning module WindowsMoviePlayer (236)
[2018.05.21-19.02.42:764][543]LogModuleManager: Shutting down and abandoning module WmfMedia (234)
[2018.05.21-19.02.42:765][543]LogModuleManager: Shutting down and abandoning module Media (233)
[2018.05.21-19.02.42:771][543]LogModuleManager: Shutting down and abandoning module PacketHandler (230)
[2018.05.21-19.02.42:771][543]LogModuleManager: Shutting down and abandoning module ClothingSystemEditor (228)
[2018.05.21-19.02.42:771][543]LogModuleManager: Shutting down and abandoning module ClothingSystemRuntime (226)
[2018.05.21-19.02.42:771][543]LogModuleManager: Shutting down and abandoning module MediaAssets (224)
[2018.05.21-19.02.42:771][543]LogModuleManager: Shutting down and abandoning module Overlay (222)
[2018.05.21-19.02.42:771][543]LogModuleManager: Shutting down and abandoning module OverlayEditor (221)
[2018.05.21-19.02.42:771][543]LogModuleManager: Shutting down and abandoning module VREditor (218)
[2018.05.21-19.02.42:771][543]LogModuleManager: Shutting down and abandoning module StringTableEditor (216)
[2018.05.21-19.02.42:771][543]LogModuleManager: Shutting down and abandoning module GameplayTasksEditor (214)
[2018.05.21-19.02.42:771][543]LogModuleManager: Shutting down and abandoning module BehaviorTreeEditor (212)
[2018.05.21-19.02.42:771][543]LogModuleManager: Shutting down and abandoning module FunctionalTesting (210)
[2018.05.21-19.02.42:771][543]LogModuleManager: Shutting down and abandoning module CollisionAnalyzer (208)
[2018.05.21-19.02.42:771][543]LogModuleManager: Shutting down and abandoning module WorkspaceMenuStructure (207)
[2018.05.21-19.02.42:771][543]LogModuleManager: Shutting down and abandoning module UMG (204)
[2018.05.21-19.02.42:771][543]LogModuleManager: Shutting down and abandoning module UMGEditor (203)
[2018.05.21-19.02.42:771][543]LogModuleManager: Shutting down and abandoning module Sequencer (202)
[2018.05.21-19.02.42:771][543]LogModuleManager: Shutting down and abandoning module MessageLog (199)
[2018.05.21-19.02.42:771][543]LogModuleManager: Shutting down and abandoning module SlateReflector (194)
[2018.05.21-19.02.42:771][543]LogModuleManager: Shutting down and abandoning module Slate (192)
[2018.05.21-19.02.42:771][543]LogModuleManager: Shutting down and abandoning module EditorStyle (190)
[2018.05.21-19.02.42:773][543]LogModuleManager: Shutting down and abandoning module MRMesh (188)
[2018.05.21-19.02.42:773][543]LogModuleManager: Shutting down and abandoning module SourceCodeAccess (186)
[2018.05.21-19.02.42:773][543]LogModuleManager: Shutting down and abandoning module HeadMountedDisplay (184)
[2018.05.21-19.02.42:773][543]LogModuleManager: Shutting down and abandoning module XAudio2 (182)
[2018.05.21-19.02.42:773][543]LogModuleManager: Shutting down and abandoning module Networking (180)
[2018.05.21-19.02.42:773][543]LogModuleManager: Shutting down and abandoning module Core (178)
[2018.05.21-19.02.42:773][543]LogModuleManager: Shutting down and abandoning module LevelSequence (176)
[2018.05.21-19.02.42:773][543]LogModuleManager: Shutting down and abandoning module KismetCompiler (174)
[2018.05.21-19.02.42:773][543]LogModuleManager: Shutting down and abandoning module MeshUtilities (172)
[2018.05.21-19.02.42:773][543]LogModuleManager: Shutting down and abandoning module MeshMergeUtilities (171)
[2018.05.21-19.02.42:773][543]LogModuleManager: Shutting down and abandoning module MeshReductionInterface (170)
[2018.05.21-19.02.42:773][543]LogModuleManager: Shutting down and abandoning module SimplygonSwarm (169)
[2018.05.21-19.02.42:773][543]LogModuleManager: Shutting down and abandoning module SimplygonMeshReduction (167)
[2018.05.21-19.02.42:773][543]LogModuleManager: Shutting down and abandoning module QuadricMeshReduction (165)
[2018.05.21-19.02.42:773][543]LogModuleManager: Shutting down and abandoning module MaterialBaking (161)
[2018.05.21-19.02.42:773][543]LogModuleManager: Shutting down and abandoning module DirectoryWatcher (157)
[2018.05.21-19.02.42:773][543]LogModuleManager: Shutting down and abandoning module DerivedDataCache (154)
[2018.05.21-19.02.42:857][543]LogDerivedDataCache: Shutdown
[2018.05.21-19.02.42:857][543]LogModuleManager: Shutting down and abandoning module XGEController (152)
[2018.05.21-19.02.42:857][543]LogXGEController: Cleaning working directory: C:/Users/Tyler/AppData/Local/Temp/UnrealXGEWorkingDir/
[2018.05.21-19.02.42:857][543]LogModuleManager: Shutting down and abandoning module TargetPlatform (150)
[2018.05.21-19.02.42:857][543]LogModuleManager: Shutting down and abandoning module VulkanShaderFormat (149)
[2018.05.21-19.02.42:857][543]LogModuleManager: Shutting down and abandoning module ShaderFormatVectorVM (147)
[2018.05.21-19.02.42:857][543]LogModuleManager: Shutting down and abandoning module ShaderFormatOpenGL (145)
[2018.05.21-19.02.42:857][543]LogModuleManager: Shutting down and abandoning module ShaderFormatD3D (143)
[2018.05.21-19.02.42:857][543]LogModuleManager: Shutting down and abandoning module MetalShaderFormat (141)
[2018.05.21-19.02.42:857][543]LogModuleManager: Shutting down and abandoning module TextureFormatUncompressed (139)
[2018.05.21-19.02.42:857][543]LogModuleManager: Shutting down and abandoning module TextureFormatPVR (137)
[2018.05.21-19.02.42:857][543]LogModuleManager: Shutting down and abandoning module TextureFormatDXT (135)
[2018.05.21-19.02.42:857][543]LogModuleManager: Shutting down and abandoning module TextureFormatIntelISPCTexComp (133)
[2018.05.21-19.02.42:857][543]LogModuleManager: Shutting down and abandoning module TextureFormatASTC (131)
[2018.05.21-19.02.42:857][543]LogModuleManager: Shutting down and abandoning module ImageWrapper (130)
[2018.05.21-19.02.42:857][543]LogModuleManager: Shutting down and abandoning module TextureFormatAndroid (127)
[2018.05.21-19.02.42:857][543]LogModuleManager: Shutting down and abandoning module AudioFormatOpus (125)
[2018.05.21-19.02.42:857][543]LogModuleManager: Shutting down and abandoning module AudioFormatOgg (123)
[2018.05.21-19.02.42:857][543]LogModuleManager: Shutting down and abandoning module AudioFormatADPCM (121)
[2018.05.21-19.02.42:857][543]LogModuleManager: Shutting down and abandoning module LinuxTargetPlatform (119)
[2018.05.21-19.02.42:857][543]LogModuleManager: Shutting down and abandoning module LinuxServerTargetPlatform (117)
[2018.05.21-19.02.42:857][543]LogModuleManager: Shutting down and abandoning module LinuxNoEditorTargetPlatform (115)
[2018.05.21-19.02.42:857][543]LogModuleManager: Shutting down and abandoning module LinuxClientTargetPlatform (113)
[2018.05.21-19.02.42:858][543]LogModuleManager: Shutting down and abandoning module TVOSTargetPlatform (111)
[2018.05.21-19.02.42:858][543]LogModuleManager: Shutting down and abandoning module Messaging (109)
[2018.05.21-19.02.42:858][543]LogModuleManager: Shutting down and abandoning module IOSTargetPlatform (107)
[2018.05.21-19.02.42:858][543]LogModuleManager: Shutting down and abandoning module HTML5TargetPlatform (105)
[2018.05.21-19.02.42:858][543]LogModuleManager: Shutting down and abandoning module AndroidTargetPlatform (103)
[2018.05.21-19.02.42:858][543]LogModuleManager: Shutting down and abandoning module Android_PVRTCTargetPlatform (101)
[2018.05.21-19.02.42:858][543]LogModuleManager: Shutting down and abandoning module Android_MultiTargetPlatform (99)
[2018.05.21-19.02.42:858][543]LogModuleManager: Shutting down and abandoning module Android_ETC2TargetPlatform (97)
[2018.05.21-19.02.42:858][543]LogModuleManager: Shutting down and abandoning module Android_ETC1TargetPlatform (95)
[2018.05.21-19.02.42:858][543]LogModuleManager: Shutting down and abandoning module Android_ETC1aTargetPlatform (93)
[2018.05.21-19.02.42:858][543]LogModuleManager: Shutting down and abandoning module Android_DXTTargetPlatform (91)
[2018.05.21-19.02.42:858][543]LogModuleManager: Shutting down and abandoning module Android_ATCTargetPlatform (89)
[2018.05.21-19.02.42:858][543]LogModuleManager: Shutting down and abandoning module Android_ASTCTargetPlatform (87)
[2018.05.21-19.02.42:858][543]LogModuleManager: Shutting down and abandoning module WindowsTargetPlatform (85)
[2018.05.21-19.02.42:858][543]LogModuleManager: Shutting down and abandoning module WindowsServerTargetPlatform (83)
[2018.05.21-19.02.42:858][543]LogModuleManager: Shutting down and abandoning module WindowsNoEditorTargetPlatform (81)
[2018.05.21-19.02.42:858][543]LogModuleManager: Shutting down and abandoning module WindowsClientTargetPlatform (79)
[2018.05.21-19.02.42:858][543]LogModuleManager: Shutting down and abandoning module MacTargetPlatform (77)
[2018.05.21-19.02.42:858][543]LogModuleManager: Shutting down and abandoning module MacServerTargetPlatform (75)
[2018.05.21-19.02.42:858][543]LogModuleManager: Shutting down and abandoning module MacNoEditorTargetPlatform (73)
[2018.05.21-19.02.42:858][543]LogModuleManager: Shutting down and abandoning module MacClientTargetPlatform (71)
[2018.05.21-19.02.42:858][543]LogModuleManager: Shutting down and abandoning module AllDesktopTargetPlatform (69)
[2018.05.21-19.02.42:858][543]LogModuleManager: Shutting down and abandoning module InputCore (66)
[2018.05.21-19.02.42:858][543]LogModuleManager: Shutting down and abandoning module Settings (64)
[2018.05.21-19.02.42:858][543]LogModuleManager: Shutting down and abandoning module PhysXCooking (62)
[2018.05.21-19.02.42:858][543]LogModuleManager: Shutting down and abandoning module SteamVR (60)
[2018.05.21-19.02.42:858][543]LogModuleManager: Shutting down and abandoning module OculusHMD (58)
[2018.05.21-19.02.42:858][543]LogModuleManager: Shutting down and abandoning module ExampleDeviceProfileSelector (56)
[2018.05.21-19.02.42:858][543]LogModuleManager: Shutting down and abandoning module AppleARKit (54)
[2018.05.21-19.02.42:858][543]LogModuleManager: Shutting down and abandoning module AugmentedReality (51)
[2018.05.21-19.02.42:858][543]LogModuleManager: Shutting down and abandoning module OnlineBlueprintSupport (48)
[2018.05.21-19.02.42:858][543]LogModuleManager: Shutting down and abandoning module OnlineSubsystem (44)
[2018.05.21-19.02.42:858][543]LogModuleManager: Shutting down and abandoning module XMPP (43)
[2018.05.21-19.02.42:858][543]LogModuleManager: Shutting down and abandoning module HTTP (41)
[2018.05.21-19.02.42:858][543]LogHttp: Display: Http module shutting down, but needs to wait on 1 outstanding Http requests:
[2018.05.21-19.02.42:858][543]LogHttp: Display: 	verb=[POST] url=[https://datarouter.ol.epicgames.com/datarouter/api/v1/public/data?SessionID=%7B7DF15667-4118-6F7C-2845-6FB4A52512BF%7D&AppID=UEEditor.Rocket.Release&AppVersion=4.19.2-4033788%2B%2B%2BUE4%2BRelease-4.19&UserID=369a14894508b6940b25d3a83307f414%7C41a41010fea04d258fe3d5e7ecec0980%7C513c6c4f-846a-41b5-b9c8-7a597f39e3ef&AppEnvironment=datacollector-binary&UploadType=eteventstream] status=Processing
[2018.05.21-19.02.42:861][543]LogModuleManager: Shutting down and abandoning module SSL (40)
[2018.05.21-19.02.42:862][543]LogModuleManager: Shutting down and abandoning module AnimationModifiers (36)
[2018.05.21-19.02.42:862][543]LogModuleManager: Shutting down and abandoning module PropertyEditor (35)
[2018.05.21-19.02.42:862][543]LogModuleManager: Shutting down and abandoning module AudioEditor (32)
[2018.05.21-19.02.42:862][543]LogModuleManager: Shutting down and abandoning module TextureCompressor (30)
[2018.05.21-19.02.42:862][543]LogModuleManager: Shutting down and abandoning module ShaderCore (28)
[2018.05.21-19.02.42:862][543]LogModuleManager: Shutting down and abandoning module Landscape (26)
[2018.05.21-19.02.42:862][543]LogModuleManager: Shutting down and abandoning module SlateRHIRenderer (24)
[2018.05.21-19.02.42:862][543]LogModuleManager: Shutting down and abandoning module OpenGLDrv (22)
[2018.05.21-19.02.42:862][543]LogModuleManager: Shutting down and abandoning module D3D11RHI (20)
[2018.05.21-19.02.42:862][543]LogModuleManager: Shutting down and abandoning module AnimGraphRuntime (18)
[2018.05.21-19.02.42:862][543]LogModuleManager: Shutting down and abandoning module Renderer (16)
[2018.05.21-19.02.42:862][543]LogModuleManager: Shutting down and abandoning module Engine (14)
[2018.05.21-19.02.42:862][543]LogModuleManager: Shutting down and abandoning module CoreUObject (12)
[2018.05.21-19.02.42:862][543]LogModuleManager: Shutting down and abandoning module NetworkFile (10)
[2018.05.21-19.02.42:862][543]LogModuleManager: Shutting down and abandoning module CookedIterativeFile (8)
[2018.05.21-19.02.42:862][543]LogModuleManager: Shutting down and abandoning module StreamingFile (6)
[2018.05.21-19.02.42:862][543]LogModuleManager: Shutting down and abandoning module SandboxFile (4)
[2018.05.21-19.02.42:862][543]LogModuleManager: Shutting down and abandoning module PakFile (2)
[2018.05.21-19.02.42:867][543]LogExit: Exiting.
[2018.05.21-19.02.42:875][543]Log file closed, 05/21/18 15:02:42
